2022-08-11 16:18:09.464  INFO 16720 --- [restartedMain] o.h.e.t.j.p.i.JtaPlatformInitiator       : HHH000490: Using JtaPlatform implementation: [org.hibernate.engine.transaction.jta.platform.internal.NoJtaPlatform]
2022-08-11 16:18:09.466  INFO 16720 --- [restartedMain] j.LocalContainerEntityManagerFactoryBean : Initialized JPA EntityManagerFactory for persistence unit 'default'
2022-08-11 16:18:09.560  WARN 16720 --- [restartedMain] JpaBaseConfiguration$JpaWebConfiguration : spring.jpa.open-in-view is enabled by default. Therefore, database queries may be performed during view rendering. Explicitly configure spring.jpa.open-in-view to disable this warning
2022-08-11 16:18:09.610  INFO 16720 --- [restartedMain] o.s.b.d.a.OptionalLiveReloadServer       : LiveReload server is running on port 35729
2022-08-11 16:18:09.620  INFO 16720 --- [restartedMain] o.s.b.w.embedded.tomcat.TomcatWebServer  : Tomcat started on port(s): 8080 (http) with context path ''
2022-08-11 16:18:09.624  INFO 16720 --- [restartedMain] c.r.e.Project02EcomAppApplication        : Started Project02EcomAppApplication in 2.211 seconds (JVM running for 5595.39)
2022-08-11 16:18:09.626  INFO 16720 --- [restartedMain] .ConditionEvaluationDeltaLoggingListener : Condition evaluation unchanged
2022-08-11 16:18:40.719  INFO 16720 --- [Thread-67] j.LocalContainerEntityManagerFactoryBean : Closing JPA EntityManagerFactory for persistence unit 'default'
2022-08-11 16:18:40.720  INFO 16720 --- [Thread-67] com.zaxxer.hikari.HikariDataSource       : HikariPool-17 - Shutdown initiated...
2022-08-11 16:18:40.722  INFO 16720 --- [Thread-67] com.zaxxer.hikari.HikariDataSource       : HikariPool-17 - Shutdown completed.
2022-08-11 16:18:40.802  INFO 16720 --- [restartedMain] c.r.e.Project02EcomAppApplication        : Starting Project02EcomAppApplication using Java 17.0.2 on LAPTOP-BBE4LK4D with PID 16720 (C:\trg_demos\061322\Java_Prjs\Ecommerce-App-JAMBA\target\classes started by micha in C:\trg_demos\061322\Java_Prjs\Ecommerce-App-JAMBA)
2022-08-11 16:18:40.802  INFO 16720 --- [restartedMain] c.r.e.Project02EcomAppApplication        : No active profile set, falling back to 1 default profile: "default"
2022-08-11 16:18:40.955  INFO 16720 --- [restartedMain] .s.d.r.c.RepositoryConfigurationDelegate : Bootstrapping Spring Data JPA repositories in DEFAULT mode.
2022-08-11 16:18:40.965  INFO 16720 --- [restartedMain] .s.d.r.c.RepositoryConfigurationDelegate : Finished Spring Data repository scanning in 10 ms. Found 4 JPA repository interfaces.
2022-08-11 16:18:41.036  INFO 16720 --- [restartedMain] o.s.b.w.embedded.tomcat.TomcatWebServer  : Tomcat initialized with port(s): 8080 (http)
2022-08-11 16:18:41.036  INFO 16720 --- [restartedMain] o.apache.catalina.core.StandardService   : Starting service [Tomcat]
2022-08-11 16:18:41.036  INFO 16720 --- [restartedMain] org.apache.catalina.core.StandardEngine  : Starting Servlet engine: [Apache Tomcat/9.0.65]
2022-08-11 16:18:41.094  INFO 16720 --- [restartedMain] org.apache.jasper.servlet.TldScanner     : At least one JAR was scanned for TLDs yet contained no TLDs. Enable debug logging for this logger for a complete list of JARs that were scanned but no TLDs were found in them. Skipping unneeded JARs during scanning can improve startup time and JSP compilation time.
2022-08-11 16:18:41.096  INFO 16720 --- [restartedMain] o.a.c.c.C.[Tomcat].[localhost].[/]       : Initializing Spring embedded WebApplicationContext
2022-08-11 16:18:41.096  INFO 16720 --- [restartedMain] w.s.c.ServletWebServerApplicationContext : Root WebApplicationContext: initialization completed in 293 ms
2022-08-11 16:18:41.116  INFO 16720 --- [restartedMain] o.hibernate.jpa.internal.util.LogHelper  : HHH000204: Processing PersistenceUnitInfo [name: default]
2022-08-11 16:18:41.120  INFO 16720 --- [restartedMain] com.zaxxer.hikari.HikariDataSource       : HikariPool-18 - Starting...
2022-08-11 16:18:42.071  INFO 16720 --- [restartedMain] com.zaxxer.hikari.HikariDataSource       : HikariPool-18 - Start completed.
2022-08-11 16:18:42.075  INFO 16720 --- [restartedMain] org.hibernate.dialect.Dialect            : HHH000400: Using dialect: org.hibernate.dialect.PostgreSQLDialect
2022-08-11 16:18:42.871  INFO 16720 --- [restartedMain] o.h.e.t.j.p.i.JtaPlatformInitiator       : HHH000490: Using JtaPlatform implementation: [org.hibernate.engine.transaction.jta.platform.internal.NoJtaPlatform]
2022-08-11 16:18:42.871  INFO 16720 --- [restartedMain] j.LocalContainerEntityManagerFactoryBean : Initialized JPA EntityManagerFactory for persistence unit 'default'
2022-08-11 16:18:42.975  WARN 16720 --- [restartedMain] JpaBaseConfiguration$JpaWebConfiguration : spring.jpa.open-in-view is enabled by default. Therefore, database queries may be performed during view rendering. Explicitly configure spring.jpa.open-in-view to disable this warning
2022-08-11 16:18:43.045  INFO 16720 --- [restartedMain] o.s.b.d.a.OptionalLiveReloadServer       : LiveReload server is running on port 35729
2022-08-11 16:18:43.055  INFO 16720 --- [restartedMain] o.s.b.w.embedded.tomcat.TomcatWebServer  : Tomcat started on port(s): 8080 (http) with context path ''
2022-08-11 16:18:43.058  INFO 16720 --- [restartedMain] c.r.e.Project02EcomAppApplication        : Started Project02EcomAppApplication in 2.284 seconds (JVM running for 5628.823)
2022-08-11 16:18:43.060  INFO 16720 --- [restartedMain] .ConditionEvaluationDeltaLoggingListener : Condition evaluation unchanged
2022-08-11 16:18:50.128  INFO 16720 --- [http-nio-8080-exec-1] o.a.c.c.C.[Tomcat].[localhost].[/]       : Initializing Spring DispatcherServlet 'dispatcherServlet'
2022-08-11 16:18:50.128  INFO 16720 --- [http-nio-8080-exec-1] o.s.web.servlet.DispatcherServlet        : Initializing Servlet 'dispatcherServlet'
2022-08-11 16:18:50.129  INFO 16720 --- [http-nio-8080-exec-1] o.s.web.servlet.DispatcherServlet        : Completed initialization in 0 ms
2022-08-11 16:24:16.652  INFO 16720 --- [Thread-71] j.LocalContainerEntityManagerFactoryBean : Closing JPA EntityManagerFactory for persistence unit 'default'
2022-08-11 16:24:16.653  INFO 16720 --- [Thread-71] com.zaxxer.hikari.HikariDataSource       : HikariPool-18 - Shutdown initiated...
2022-08-11 16:24:16.655  INFO 16720 --- [Thread-71] com.zaxxer.hikari.HikariDataSource       : HikariPool-18 - Shutdown completed.
2022-08-11 16:24:16.732  INFO 16720 --- [restartedMain] c.r.e.Project02EcomAppApplication        : Starting Project02EcomAppApplication using Java 17.0.2 on LAPTOP-BBE4LK4D with PID 16720 (C:\trg_demos\061322\Java_Prjs\Ecommerce-App-JAMBA\target\classes started by micha in C:\trg_demos\061322\Java_Prjs\Ecommerce-App-JAMBA)
2022-08-11 16:24:16.732  INFO 16720 --- [restartedMain] c.r.e.Project02EcomAppApplication        : No active profile set, falling back to 1 default profile: "default"
2022-08-11 16:24:16.881  INFO 16720 --- [restartedMain] .s.d.r.c.RepositoryConfigurationDelegate : Bootstrapping Spring Data JPA repositories in DEFAULT mode.
2022-08-11 16:24:16.891  INFO 16720 --- [restartedMain] .s.d.r.c.RepositoryConfigurationDelegate : Finished Spring Data repository scanning in 10 ms. Found 4 JPA repository interfaces.
2022-08-11 16:24:16.958  INFO 16720 --- [restartedMain] o.s.b.w.embedded.tomcat.TomcatWebServer  : Tomcat initialized with port(s): 8080 (http)
2022-08-11 16:24:16.958  INFO 16720 --- [restartedMain] o.apache.catalina.core.StandardService   : Starting service [Tomcat]
2022-08-11 16:24:16.959  INFO 16720 --- [restartedMain] org.apache.catalina.core.StandardEngine  : Starting Servlet engine: [Apache Tomcat/9.0.65]
2022-08-11 16:24:17.028  INFO 16720 --- [restartedMain] org.apache.jasper.servlet.TldScanner     : At least one JAR was scanned for TLDs yet contained no TLDs. Enable debug logging for this logger for a complete list of JARs that were scanned but no TLDs were found in them. Skipping unneeded JARs during scanning can improve startup time and JSP compilation time.
2022-08-11 16:24:17.030  INFO 16720 --- [restartedMain] o.a.c.c.C.[Tomcat].[localhost].[/]       : Initializing Spring embedded WebApplicationContext
2022-08-11 16:24:17.030  INFO 16720 --- [restartedMain] w.s.c.ServletWebServerApplicationContext : Root WebApplicationContext: initialization completed in 296 ms
2022-08-11 16:24:17.058  INFO 16720 --- [restartedMain] o.hibernate.jpa.internal.util.LogHelper  : HHH000204: Processing PersistenceUnitInfo [name: default]
2022-08-11 16:24:17.063  INFO 16720 --- [restartedMain] com.zaxxer.hikari.HikariDataSource       : HikariPool-19 - Starting...
2022-08-11 16:24:18.425  INFO 16720 --- [restartedMain] com.zaxxer.hikari.HikariDataSource       : HikariPool-19 - Start completed.
2022-08-11 16:24:18.428  INFO 16720 --- [restartedMain] org.hibernate.dialect.Dialect            : HHH000400: Using dialect: org.hibernate.dialect.PostgreSQLDialect
2022-08-11 16:24:18.811  INFO 16720 --- [restartedMain] o.h.e.t.j.p.i.JtaPlatformInitiator       : HHH000490: Using JtaPlatform implementation: [org.hibernate.engine.transaction.jta.platform.internal.NoJtaPlatform]
2022-08-11 16:24:18.812  INFO 16720 --- [restartedMain] j.LocalContainerEntityManagerFactoryBean : Initialized JPA EntityManagerFactory for persistence unit 'default'
2022-08-11 16:24:18.906  WARN 16720 --- [restartedMain] JpaBaseConfiguration$JpaWebConfiguration : spring.jpa.open-in-view is enabled by default. Therefore, database queries may be performed during view rendering. Explicitly configure spring.jpa.open-in-view to disable this warning
2022-08-11 16:24:18.977  INFO 16720 --- [restartedMain] o.s.b.d.a.OptionalLiveReloadServer       : LiveReload server is running on port 35729
2022-08-11 16:24:18.987  INFO 16720 --- [restartedMain] o.s.b.w.embedded.tomcat.TomcatWebServer  : Tomcat started on port(s): 8080 (http) with context path ''
2022-08-11 16:24:18.990  INFO 16720 --- [restartedMain] c.r.e.Project02EcomAppApplication        : Started Project02EcomAppApplication in 2.283 seconds (JVM running for 5964.756)
2022-08-11 16:24:18.992  INFO 16720 --- [restartedMain] .ConditionEvaluationDeltaLoggingListener : Condition evaluation unchanged
2022-08-11 16:24:26.551  INFO 16720 --- [http-nio-8080-exec-2] o.a.c.c.C.[Tomcat].[localhost].[/]       : Initializing Spring DispatcherServlet 'dispatcherServlet'
2022-08-11 16:24:26.552  INFO 16720 --- [http-nio-8080-exec-2] o.s.web.servlet.DispatcherServlet        : Initializing Servlet 'dispatcherServlet'
2022-08-11 16:24:26.554  INFO 16720 --- [http-nio-8080-exec-2] o.s.web.servlet.DispatcherServlet        : Completed initialization in 2 ms
2022-08-11 16:27:52.974  INFO 16720 --- [Thread-75] j.LocalContainerEntityManagerFactoryBean : Closing JPA EntityManagerFactory for persistence unit 'default'
2022-08-11 16:27:52.975  INFO 16720 --- [Thread-75] com.zaxxer.hikari.HikariDataSource       : HikariPool-19 - Shutdown initiated...
2022-08-11 16:27:52.978  INFO 16720 --- [Thread-75] com.zaxxer.hikari.HikariDataSource       : HikariPool-19 - Shutdown completed.
2022-08-11 16:27:53.093  INFO 16720 --- [restartedMain] c.r.e.Project02EcomAppApplication        : Starting Project02EcomAppApplication using Java 17.0.2 on LAPTOP-BBE4LK4D with PID 16720 (C:\trg_demos\061322\Java_Prjs\Ecommerce-App-JAMBA\target\classes started by micha in C:\trg_demos\061322\Java_Prjs\Ecommerce-App-JAMBA)
2022-08-11 16:27:53.093  INFO 16720 --- [restartedMain] c.r.e.Project02EcomAppApplication        : No active profile set, falling back to 1 default profile: "default"
2022-08-11 16:27:53.230  INFO 16720 --- [restartedMain] .s.d.r.c.RepositoryConfigurationDelegate : Bootstrapping Spring Data JPA repositories in DEFAULT mode.
2022-08-11 16:27:53.242  INFO 16720 --- [restartedMain] .s.d.r.c.RepositoryConfigurationDelegate : Finished Spring Data repository scanning in 12 ms. Found 4 JPA repository interfaces.
2022-08-11 16:27:53.305  INFO 16720 --- [restartedMain] o.s.b.w.embedded.tomcat.TomcatWebServer  : Tomcat initialized with port(s): 8080 (http)
2022-08-11 16:27:53.305  INFO 16720 --- [restartedMain] o.apache.catalina.core.StandardService   : Starting service [Tomcat]
2022-08-11 16:27:53.305  INFO 16720 --- [restartedMain] org.apache.catalina.core.StandardEngine  : Starting Servlet engine: [Apache Tomcat/9.0.65]
2022-08-11 16:27:53.368  INFO 16720 --- [restartedMain] org.apache.jasper.servlet.TldScanner     : At least one JAR was scanned for TLDs yet contained no TLDs. Enable debug logging for this logger for a complete list of JARs that were scanned but no TLDs were found in them. Skipping unneeded JARs during scanning can improve startup time and JSP compilation time.
2022-08-11 16:27:53.371  INFO 16720 --- [restartedMain] o.a.c.c.C.[Tomcat].[localhost].[/]       : Initializing Spring embedded WebApplicationContext
2022-08-11 16:27:53.371  INFO 16720 --- [restartedMain] w.s.c.ServletWebServerApplicationContext : Root WebApplicationContext: initialization completed in 276 ms
2022-08-11 16:27:53.405  INFO 16720 --- [restartedMain] o.hibernate.jpa.internal.util.LogHelper  : HHH000204: Processing PersistenceUnitInfo [name: default]
2022-08-11 16:27:53.411  INFO 16720 --- [restartedMain] com.zaxxer.hikari.HikariDataSource       : HikariPool-20 - Starting...
2022-08-11 16:27:54.672  INFO 16720 --- [restartedMain] com.zaxxer.hikari.HikariDataSource       : HikariPool-20 - Start completed.
2022-08-11 16:27:54.677  INFO 16720 --- [restartedMain] org.hibernate.dialect.Dialect            : HHH000400: Using dialect: org.hibernate.dialect.PostgreSQLDialect
2022-08-11 16:27:55.106  INFO 16720 --- [restartedMain] o.h.e.t.j.p.i.JtaPlatformInitiator       : HHH000490: Using JtaPlatform implementation: [org.hibernate.engine.transaction.jta.platform.internal.NoJtaPlatform]
2022-08-11 16:27:55.106  INFO 16720 --- [restartedMain] j.LocalContainerEntityManagerFactoryBean : Initialized JPA EntityManagerFactory for persistence unit 'default'
2022-08-11 16:27:55.215  WARN 16720 --- [restartedMain] JpaBaseConfiguration$JpaWebConfiguration : spring.jpa.open-in-view is enabled by default. Therefore, database queries may be performed during view rendering. Explicitly configure spring.jpa.open-in-view to disable this warning
2022-08-11 16:27:55.317  INFO 16720 --- [restartedMain] o.s.b.d.a.OptionalLiveReloadServer       : LiveReload server is running on port 35729
2022-08-11 16:27:55.330  INFO 16720 --- [restartedMain] o.s.b.w.embedded.tomcat.TomcatWebServer  : Tomcat started on port(s): 8080 (http) with context path ''
2022-08-11 16:27:55.335  INFO 16720 --- [restartedMain] c.r.e.Project02EcomAppApplication        : Started Project02EcomAppApplication in 2.277 seconds (JVM running for 6181.1)
2022-08-11 16:27:55.338  INFO 16720 --- [restartedMain] .ConditionEvaluationDeltaLoggingListener : Condition evaluation unchanged
2022-08-11 16:28:00.054  INFO 16720 --- [http-nio-8080-exec-1] o.a.c.c.C.[Tomcat].[localhost].[/]       : Initializing Spring DispatcherServlet 'dispatcherServlet'
2022-08-11 16:28:00.055  INFO 16720 --- [http-nio-8080-exec-1] o.s.web.servlet.DispatcherServlet        : Initializing Servlet 'dispatcherServlet'
2022-08-11 16:28:00.056  INFO 16720 --- [http-nio-8080-exec-1] o.s.web.servlet.DispatcherServlet        : Completed initialization in 1 ms
2022-08-11 16:28:23.341  INFO 16720 --- [Thread-79] j.LocalContainerEntityManagerFactoryBean : Closing JPA EntityManagerFactory for persistence unit 'default'
2022-08-11 16:28:23.342  INFO 16720 --- [Thread-79] com.zaxxer.hikari.HikariDataSource       : HikariPool-20 - Shutdown initiated...
2022-08-11 16:28:23.344  INFO 16720 --- [Thread-79] com.zaxxer.hikari.HikariDataSource       : HikariPool-20 - Shutdown completed.
2022-08-11 16:28:23.419  INFO 16720 --- [restartedMain] c.r.e.Project02EcomAppApplication        : Starting Project02EcomAppApplication using Java 17.0.2 on LAPTOP-BBE4LK4D with PID 16720 (C:\trg_demos\061322\Java_Prjs\Ecommerce-App-JAMBA\target\classes started by micha in C:\trg_demos\061322\Java_Prjs\Ecommerce-App-JAMBA)
2022-08-11 16:28:23.419  INFO 16720 --- [restartedMain] c.r.e.Project02EcomAppApplication        : No active profile set, falling back to 1 default profile: "default"
2022-08-11 16:28:23.538  INFO 16720 --- [restartedMain] .s.d.r.c.RepositoryConfigurationDelegate : Bootstrapping Spring Data JPA repositories in DEFAULT mode.
2022-08-11 16:28:23.551  INFO 16720 --- [restartedMain] .s.d.r.c.RepositoryConfigurationDelegate : Finished Spring Data repository scanning in 12 ms. Found 4 JPA repository interfaces.
2022-08-11 16:28:23.602  INFO 16720 --- [restartedMain] o.s.b.w.embedded.tomcat.TomcatWebServer  : Tomcat initialized with port(s): 8080 (http)
2022-08-11 16:28:23.602  INFO 16720 --- [restartedMain] o.apache.catalina.core.StandardService   : Starting service [Tomcat]
2022-08-11 16:28:23.602  INFO 16720 --- [restartedMain] org.apache.catalina.core.StandardEngine  : Starting Servlet engine: [Apache Tomcat/9.0.65]
2022-08-11 16:28:23.652  INFO 16720 --- [restartedMain] org.apache.jasper.servlet.TldScanner     : At least one JAR was scanned for TLDs yet contained no TLDs. Enable debug logging for this logger for a complete list of JARs that were scanned but no TLDs were found in them. Skipping unneeded JARs during scanning can improve startup time and JSP compilation time.
2022-08-11 16:28:23.653  INFO 16720 --- [restartedMain] o.a.c.c.C.[Tomcat].[localhost].[/]       : Initializing Spring embedded WebApplicationContext
2022-08-11 16:28:23.653  INFO 16720 --- [restartedMain] w.s.c.ServletWebServerApplicationContext : Root WebApplicationContext: initialization completed in 232 ms
2022-08-11 16:28:23.672  INFO 16720 --- [restartedMain] o.hibernate.jpa.internal.util.LogHelper  : HHH000204: Processing PersistenceUnitInfo [name: default]
2022-08-11 16:28:23.676  INFO 16720 --- [restartedMain] com.zaxxer.hikari.HikariDataSource       : HikariPool-21 - Starting...
2022-08-11 16:28:24.628  INFO 16720 --- [restartedMain] com.zaxxer.hikari.HikariDataSource       : HikariPool-21 - Start completed.
2022-08-11 16:28:24.632  INFO 16720 --- [restartedMain] org.hibernate.dialect.Dialect            : HHH000400: Using dialect: org.hibernate.dialect.PostgreSQLDialect
2022-08-11 16:28:25.016  INFO 16720 --- [restartedMain] o.h.e.t.j.p.i.JtaPlatformInitiator       : HHH000490: Using JtaPlatform implementation: [org.hibernate.engine.transaction.jta.platform.internal.NoJtaPlatform]
2022-08-11 16:28:25.016  INFO 16720 --- [restartedMain] j.LocalContainerEntityManagerFactoryBean : Initialized JPA EntityManagerFactory for persistence unit 'default'
2022-08-11 16:28:25.100  WARN 16720 --- [restartedMain] JpaBaseConfiguration$JpaWebConfiguration : spring.jpa.open-in-view is enabled by default. Therefore, database queries may be performed during view rendering. Explicitly configure spring.jpa.open-in-view to disable this warning
2022-08-11 16:28:25.155  INFO 16720 --- [restartedMain] o.s.b.d.a.OptionalLiveReloadServer       : LiveReload server is running on port 35729
2022-08-11 16:28:25.163  INFO 16720 --- [restartedMain] o.s.b.w.embedded.tomcat.TomcatWebServer  : Tomcat started on port(s): 8080 (http) with context path ''
2022-08-11 16:28:25.166  INFO 16720 --- [restartedMain] c.r.e.Project02EcomAppApplication        : Started Project02EcomAppApplication in 1.769 seconds (JVM running for 6210.931)
2022-08-11 16:28:25.167  INFO 16720 --- [restartedMain] .ConditionEvaluationDeltaLoggingListener : Condition evaluation unchanged
2022-08-11 16:28:30.469  INFO 16720 --- [http-nio-8080-exec-1] o.a.c.c.C.[Tomcat].[localhost].[/]       : Initializing Spring DispatcherServlet 'dispatcherServlet'
2022-08-11 16:28:30.470  INFO 16720 --- [http-nio-8080-exec-1] o.s.web.servlet.DispatcherServlet        : Initializing Servlet 'dispatcherServlet'
2022-08-11 16:28:30.470  INFO 16720 --- [http-nio-8080-exec-1] o.s.web.servlet.DispatcherServlet        : Completed initialization in 0 ms
2022-08-11 16:30:16.986  INFO 16720 --- [Thread-83] j.LocalContainerEntityManagerFactoryBean : Closing JPA EntityManagerFactory for persistence unit 'default'
2022-08-11 16:30:16.987  INFO 16720 --- [Thread-83] com.zaxxer.hikari.HikariDataSource       : HikariPool-21 - Shutdown initiated...
2022-08-11 16:30:16.989  INFO 16720 --- [Thread-83] com.zaxxer.hikari.HikariDataSource       : HikariPool-21 - Shutdown completed.
2022-08-11 16:30:17.058  INFO 16720 --- [restartedMain] c.r.e.Project02EcomAppApplication        : Starting Project02EcomAppApplication using Java 17.0.2 on LAPTOP-BBE4LK4D with PID 16720 (C:\trg_demos\061322\Java_Prjs\Ecommerce-App-JAMBA\target\classes started by micha in C:\trg_demos\061322\Java_Prjs\Ecommerce-App-JAMBA)
2022-08-11 16:30:17.058  INFO 16720 --- [restartedMain] c.r.e.Project02EcomAppApplication        : No active profile set, falling back to 1 default profile: "default"
2022-08-11 16:30:17.177  INFO 16720 --- [restartedMain] .s.d.r.c.RepositoryConfigurationDelegate : Bootstrapping Spring Data JPA repositories in DEFAULT mode.
2022-08-11 16:30:17.186  INFO 16720 --- [restartedMain] .s.d.r.c.RepositoryConfigurationDelegate : Finished Spring Data repository scanning in 9 ms. Found 4 JPA repository interfaces.
2022-08-11 16:30:17.237  INFO 16720 --- [restartedMain] o.s.b.w.embedded.tomcat.TomcatWebServer  : Tomcat initialized with port(s): 8080 (http)
2022-08-11 16:30:17.237  INFO 16720 --- [restartedMain] o.apache.catalina.core.StandardService   : Starting service [Tomcat]
2022-08-11 16:30:17.237  INFO 16720 --- [restartedMain] org.apache.catalina.core.StandardEngine  : Starting Servlet engine: [Apache Tomcat/9.0.65]
2022-08-11 16:30:17.286  INFO 16720 --- [restartedMain] org.apache.jasper.servlet.TldScanner     : At least one JAR was scanned for TLDs yet contained no TLDs. Enable debug logging for this logger for a complete list of JARs that were scanned but no TLDs were found in them. Skipping unneeded JARs during scanning can improve startup time and JSP compilation time.
2022-08-11 16:30:17.288  INFO 16720 --- [restartedMain] o.a.c.c.C.[Tomcat].[localhost].[/]       : Initializing Spring embedded WebApplicationContext
2022-08-11 16:30:17.288  INFO 16720 --- [restartedMain] w.s.c.ServletWebServerApplicationContext : Root WebApplicationContext: initialization completed in 229 ms
2022-08-11 16:30:17.308  INFO 16720 --- [restartedMain] o.hibernate.jpa.internal.util.LogHelper  : HHH000204: Processing PersistenceUnitInfo [name: default]
2022-08-11 16:30:17.311  INFO 16720 --- [restartedMain] com.zaxxer.hikari.HikariDataSource       : HikariPool-22 - Starting...
2022-08-11 16:30:18.286  INFO 16720 --- [restartedMain] com.zaxxer.hikari.HikariDataSource       : HikariPool-22 - Start completed.
2022-08-11 16:30:18.291  INFO 16720 --- [restartedMain] org.hibernate.dialect.Dialect            : HHH000400: Using dialect: org.hibernate.dialect.PostgreSQLDialect
2022-08-11 16:30:18.688  INFO 16720 --- [restartedMain] o.h.e.t.j.p.i.JtaPlatformInitiator       : HHH000490: Using JtaPlatform implementation: [org.hibernate.engine.transaction.jta.platform.internal.NoJtaPlatform]
2022-08-11 16:30:18.688  INFO 16720 --- [restartedMain] j.LocalContainerEntityManagerFactoryBean : Initialized JPA EntityManagerFactory for persistence unit 'default'
2022-08-11 16:30:18.780  WARN 16720 --- [restartedMain] JpaBaseConfiguration$JpaWebConfiguration : spring.jpa.open-in-view is enabled by default. Therefore, database queries may be performed during view rendering. Explicitly configure spring.jpa.open-in-view to disable this warning
2022-08-11 16:30:18.838  INFO 16720 --- [restartedMain] o.s.b.d.a.OptionalLiveReloadServer       : LiveReload server is running on port 35729
2022-08-11 16:30:18.845  INFO 16720 --- [restartedMain] o.s.b.w.embedded.tomcat.TomcatWebServer  : Tomcat started on port(s): 8080 (http) with context path ''
2022-08-11 16:30:18.848  INFO 16720 --- [restartedMain] c.r.e.Project02EcomAppApplication        : Started Project02EcomAppApplication in 1.808 seconds (JVM running for 6324.614)
2022-08-11 16:30:18.850  INFO 16720 --- [restartedMain] .ConditionEvaluationDeltaLoggingListener : Condition evaluation unchanged
2022-08-11 16:30:20.756  INFO 16720 --- [http-nio-8080-exec-1] o.a.c.c.C.[Tomcat].[localhost].[/]       : Initializing Spring DispatcherServlet 'dispatcherServlet'
2022-08-11 16:30:20.756  INFO 16720 --- [http-nio-8080-exec-1] o.s.web.servlet.DispatcherServlet        : Initializing Servlet 'dispatcherServlet'
2022-08-11 16:30:20.758  INFO 16720 --- [http-nio-8080-exec-1] o.s.web.servlet.DispatcherServlet        : Completed initialization in 1 ms
2022-08-11 16:30:44.816  INFO 16720 --- [Thread-87] j.LocalContainerEntityManagerFactoryBean : Closing JPA EntityManagerFactory for persistence unit 'default'
2022-08-11 16:30:44.817  INFO 16720 --- [Thread-87] com.zaxxer.hikari.HikariDataSource       : HikariPool-22 - Shutdown initiated...
2022-08-11 16:30:44.819  INFO 16720 --- [Thread-87] com.zaxxer.hikari.HikariDataSource       : HikariPool-22 - Shutdown completed.
2022-08-11 16:30:44.895  INFO 16720 --- [restartedMain] c.r.e.Project02EcomAppApplication        : Starting Project02EcomAppApplication using Java 17.0.2 on LAPTOP-BBE4LK4D with PID 16720 (C:\trg_demos\061322\Java_Prjs\Ecommerce-App-JAMBA\target\classes started by micha in C:\trg_demos\061322\Java_Prjs\Ecommerce-App-JAMBA)
2022-08-11 16:30:44.895  INFO 16720 --- [restartedMain] c.r.e.Project02EcomAppApplication        : No active profile set, falling back to 1 default profile: "default"
2022-08-11 16:30:45.016  INFO 16720 --- [restartedMain] .s.d.r.c.RepositoryConfigurationDelegate : Bootstrapping Spring Data JPA repositories in DEFAULT mode.
2022-08-11 16:30:45.026  INFO 16720 --- [restartedMain] .s.d.r.c.RepositoryConfigurationDelegate : Finished Spring Data repository scanning in 9 ms. Found 4 JPA repository interfaces.
2022-08-11 16:30:45.076  INFO 16720 --- [restartedMain] o.s.b.w.embedded.tomcat.TomcatWebServer  : Tomcat initialized with port(s): 8080 (http)
2022-08-11 16:30:45.076  INFO 16720 --- [restartedMain] o.apache.catalina.core.StandardService   : Starting service [Tomcat]
2022-08-11 16:30:45.076  INFO 16720 --- [restartedMain] org.apache.catalina.core.StandardEngine  : Starting Servlet engine: [Apache Tomcat/9.0.65]
2022-08-11 16:30:45.129  INFO 16720 --- [restartedMain] org.apache.jasper.servlet.TldScanner     : At least one JAR was scanned for TLDs yet contained no TLDs. Enable debug logging for this logger for a complete list of JARs that were scanned but no TLDs were found in them. Skipping unneeded JARs during scanning can improve startup time and JSP compilation time.
2022-08-11 16:30:45.131  INFO 16720 --- [restartedMain] o.a.c.c.C.[Tomcat].[localhost].[/]       : Initializing Spring embedded WebApplicationContext
2022-08-11 16:30:45.131  INFO 16720 --- [restartedMain] w.s.c.ServletWebServerApplicationContext : Root WebApplicationContext: initialization completed in 234 ms
2022-08-11 16:30:45.151  INFO 16720 --- [restartedMain] o.hibernate.jpa.internal.util.LogHelper  : HHH000204: Processing PersistenceUnitInfo [name: default]
2022-08-11 16:30:45.155  INFO 16720 --- [restartedMain] com.zaxxer.hikari.HikariDataSource       : HikariPool-23 - Starting...
2022-08-11 16:30:46.056  INFO 16720 --- [restartedMain] com.zaxxer.hikari.HikariDataSource       : HikariPool-23 - Start completed.
2022-08-11 16:30:46.059  INFO 16720 --- [restartedMain] org.hibernate.dialect.Dialect            : HHH000400: Using dialect: org.hibernate.dialect.PostgreSQLDialect
2022-08-11 16:30:46.454  INFO 16720 --- [restartedMain] o.h.e.t.j.p.i.JtaPlatformInitiator       : HHH000490: Using JtaPlatform implementation: [org.hibernate.engine.transaction.jta.platform.internal.NoJtaPlatform]
2022-08-11 16:30:46.454  INFO 16720 --- [restartedMain] j.LocalContainerEntityManagerFactoryBean : Initialized JPA EntityManagerFactory for persistence unit 'default'
2022-08-11 16:30:46.537  WARN 16720 --- [restartedMain] JpaBaseConfiguration$JpaWebConfiguration : spring.jpa.open-in-view is enabled by default. Therefore, database queries may be performed during view rendering. Explicitly configure spring.jpa.open-in-view to disable this warning
2022-08-11 16:30:46.588  INFO 16720 --- [restartedMain] o.s.b.d.a.OptionalLiveReloadServer       : LiveReload server is running on port 35729
2022-08-11 16:30:46.596  INFO 16720 --- [restartedMain] o.s.b.w.embedded.tomcat.TomcatWebServer  : Tomcat started on port(s): 8080 (http) with context path ''
2022-08-11 16:30:46.600  INFO 16720 --- [restartedMain] c.r.e.Project02EcomAppApplication        : Started Project02EcomAppApplication in 1.731 seconds (JVM running for 6352.365)
2022-08-11 16:30:46.602  INFO 16720 --- [restartedMain] .ConditionEvaluationDeltaLoggingListener : Condition evaluation unchanged
2022-08-11 16:30:49.458  INFO 16720 --- [http-nio-8080-exec-1] o.a.c.c.C.[Tomcat].[localhost].[/]       : Initializing Spring DispatcherServlet 'dispatcherServlet'
2022-08-11 16:30:49.458  INFO 16720 --- [http-nio-8080-exec-1] o.s.web.servlet.DispatcherServlet        : Initializing Servlet 'dispatcherServlet'
2022-08-11 16:30:49.459  INFO 16720 --- [http-nio-8080-exec-1] o.s.web.servlet.DispatcherServlet        : Completed initialization in 1 ms
2022-08-11 16:32:37.445  INFO 16720 --- [Thread-91] j.LocalContainerEntityManagerFactoryBean : Closing JPA EntityManagerFactory for persistence unit 'default'
2022-08-11 16:32:37.445  INFO 16720 --- [Thread-91] com.zaxxer.hikari.HikariDataSource       : HikariPool-23 - Shutdown initiated...
2022-08-11 16:32:37.447  INFO 16720 --- [Thread-91] com.zaxxer.hikari.HikariDataSource       : HikariPool-23 - Shutdown completed.
2022-08-11 16:32:37.518  INFO 16720 --- [restartedMain] c.r.e.Project02EcomAppApplication        : Starting Project02EcomAppApplication using Java 17.0.2 on LAPTOP-BBE4LK4D with PID 16720 (C:\trg_demos\061322\Java_Prjs\Ecommerce-App-JAMBA\target\classes started by micha in C:\trg_demos\061322\Java_Prjs\Ecommerce-App-JAMBA)
2022-08-11 16:32:37.518  INFO 16720 --- [restartedMain] c.r.e.Project02EcomAppApplication        : No active profile set, falling back to 1 default profile: "default"
2022-08-11 16:32:37.638  INFO 16720 --- [restartedMain] .s.d.r.c.RepositoryConfigurationDelegate : Bootstrapping Spring Data JPA repositories in DEFAULT mode.
2022-08-11 16:32:37.649  INFO 16720 --- [restartedMain] .s.d.r.c.RepositoryConfigurationDelegate : Finished Spring Data repository scanning in 12 ms. Found 4 JPA repository interfaces.
2022-08-11 16:32:37.700  INFO 16720 --- [restartedMain] o.s.b.w.embedded.tomcat.TomcatWebServer  : Tomcat initialized with port(s): 8080 (http)
2022-08-11 16:32:37.700  INFO 16720 --- [restartedMain] o.apache.catalina.core.StandardService   : Starting service [Tomcat]
2022-08-11 16:32:37.700  INFO 16720 --- [restartedMain] org.apache.catalina.core.StandardEngine  : Starting Servlet engine: [Apache Tomcat/9.0.65]
2022-08-11 16:32:37.750  INFO 16720 --- [restartedMain] org.apache.jasper.servlet.TldScanner     : At least one JAR was scanned for TLDs yet contained no TLDs. Enable debug logging for this logger for a complete list of JARs that were scanned but no TLDs were found in them. Skipping unneeded JARs during scanning can improve startup time and JSP compilation time.
2022-08-11 16:32:37.752  INFO 16720 --- [restartedMain] o.a.c.c.C.[Tomcat].[localhost].[/]       : Initializing Spring embedded WebApplicationContext
2022-08-11 16:32:37.752  INFO 16720 --- [restartedMain] w.s.c.ServletWebServerApplicationContext : Root WebApplicationContext: initialization completed in 232 ms
2022-08-11 16:32:37.774  INFO 16720 --- [restartedMain] o.hibernate.jpa.internal.util.LogHelper  : HHH000204: Processing PersistenceUnitInfo [name: default]
2022-08-11 16:32:37.777  INFO 16720 --- [restartedMain] com.zaxxer.hikari.HikariDataSource       : HikariPool-24 - Starting...
2022-08-11 16:32:38.722  INFO 16720 --- [restartedMain] com.zaxxer.hikari.HikariDataSource       : HikariPool-24 - Start completed.
2022-08-11 16:32:38.726  INFO 16720 --- [restartedMain] org.hibernate.dialect.Dialect            : HHH000400: Using dialect: org.hibernate.dialect.PostgreSQLDialect
2022-08-11 16:32:39.117  INFO 16720 --- [restartedMain] o.h.e.t.j.p.i.JtaPlatformInitiator       : HHH000490: Using JtaPlatform implementation: [org.hibernate.engine.transaction.jta.platform.internal.NoJtaPlatform]
2022-08-11 16:32:39.117  INFO 16720 --- [restartedMain] j.LocalContainerEntityManagerFactoryBean : Initialized JPA EntityManagerFactory for persistence unit 'default'
2022-08-11 16:32:39.219  WARN 16720 --- [restartedMain] JpaBaseConfiguration$JpaWebConfiguration : spring.jpa.open-in-view is enabled by default. Therefore, database queries may be performed during view rendering. Explicitly configure spring.jpa.open-in-view to disable this warning
2022-08-11 16:32:39.272  INFO 16720 --- [restartedMain] o.s.b.d.a.OptionalLiveReloadServer       : LiveReload server is running on port 35729
2022-08-11 16:32:39.280  INFO 16720 --- [restartedMain] o.s.b.w.embedded.tomcat.TomcatWebServer  : Tomcat started on port(s): 8080 (http) with context path ''
2022-08-11 16:32:39.283  INFO 16720 --- [restartedMain] c.r.e.Project02EcomAppApplication        : Started Project02EcomAppApplication in 1.785 seconds (JVM running for 6465.049)
2022-08-11 16:32:39.285  INFO 16720 --- [restartedMain] .ConditionEvaluationDeltaLoggingListener : Condition evaluation unchanged
2022-08-11 16:32:47.184  INFO 16720 --- [http-nio-8080-exec-1] o.a.c.c.C.[Tomcat].[localhost].[/]       : Initializing Spring DispatcherServlet 'dispatcherServlet'
2022-08-11 16:32:47.184  INFO 16720 --- [http-nio-8080-exec-1] o.s.web.servlet.DispatcherServlet        : Initializing Servlet 'dispatcherServlet'
2022-08-11 16:32:47.185  INFO 16720 --- [http-nio-8080-exec-1] o.s.web.servlet.DispatcherServlet        : Completed initialization in 1 ms
2022-08-11 16:35:44.857  INFO 16720 --- [Thread-95] j.LocalContainerEntityManagerFactoryBean : Closing JPA EntityManagerFactory for persistence unit 'default'
2022-08-11 16:35:44.857  INFO 16720 --- [Thread-95] com.zaxxer.hikari.HikariDataSource       : HikariPool-24 - Shutdown initiated...
2022-08-11 16:35:44.859  INFO 16720 --- [Thread-95] com.zaxxer.hikari.HikariDataSource       : HikariPool-24 - Shutdown completed.
2022-08-11 16:35:44.935  INFO 16720 --- [restartedMain] c.r.e.Project02EcomAppApplication        : Starting Project02EcomAppApplication using Java 17.0.2 on LAPTOP-BBE4LK4D with PID 16720 (C:\trg_demos\061322\Java_Prjs\Ecommerce-App-JAMBA\target\classes started by micha in C:\trg_demos\061322\Java_Prjs\Ecommerce-App-JAMBA)
2022-08-11 16:35:44.935  INFO 16720 --- [restartedMain] c.r.e.Project02EcomAppApplication        : No active profile set, falling back to 1 default profile: "default"
2022-08-11 16:35:45.066  INFO 16720 --- [restartedMain] .s.d.r.c.RepositoryConfigurationDelegate : Bootstrapping Spring Data JPA repositories in DEFAULT mode.
2022-08-11 16:35:45.076  INFO 16720 --- [restartedMain] .s.d.r.c.RepositoryConfigurationDelegate : Finished Spring Data repository scanning in 9 ms. Found 4 JPA repository interfaces.
2022-08-11 16:35:45.128  INFO 16720 --- [restartedMain] o.s.b.w.embedded.tomcat.TomcatWebServer  : Tomcat initialized with port(s): 8080 (http)
2022-08-11 16:35:45.129  INFO 16720 --- [restartedMain] o.apache.catalina.core.StandardService   : Starting service [Tomcat]
2022-08-11 16:35:45.129  INFO 16720 --- [restartedMain] org.apache.catalina.core.StandardEngine  : Starting Servlet engine: [Apache Tomcat/9.0.65]
2022-08-11 16:35:45.178  INFO 16720 --- [restartedMain] org.apache.jasper.servlet.TldScanner     : At least one JAR was scanned for TLDs yet contained no TLDs. Enable debug logging for this logger for a complete list of JARs that were scanned but no TLDs were found in them. Skipping unneeded JARs during scanning can improve startup time and JSP compilation time.
2022-08-11 16:35:45.180  INFO 16720 --- [restartedMain] o.a.c.c.C.[Tomcat].[localhost].[/]       : Initializing Spring embedded WebApplicationContext
2022-08-11 16:35:45.180  INFO 16720 --- [restartedMain] w.s.c.ServletWebServerApplicationContext : Root WebApplicationContext: initialization completed in 244 ms
2022-08-11 16:35:45.199  INFO 16720 --- [restartedMain] o.hibernate.jpa.internal.util.LogHelper  : HHH000204: Processing PersistenceUnitInfo [name: default]
2022-08-11 16:35:45.203  INFO 16720 --- [restartedMain] com.zaxxer.hikari.HikariDataSource       : HikariPool-25 - Starting...
2022-08-11 16:35:46.221  INFO 16720 --- [restartedMain] com.zaxxer.hikari.HikariDataSource       : HikariPool-25 - Start completed.
2022-08-11 16:35:46.224  INFO 16720 --- [restartedMain] org.hibernate.dialect.Dialect            : HHH000400: Using dialect: org.hibernate.dialect.PostgreSQLDialect
2022-08-11 16:35:46.607  INFO 16720 --- [restartedMain] o.h.e.t.j.p.i.JtaPlatformInitiator       : HHH000490: Using JtaPlatform implementation: [org.hibernate.engine.transaction.jta.platform.internal.NoJtaPlatform]
2022-08-11 16:35:46.608  INFO 16720 --- [restartedMain] j.LocalContainerEntityManagerFactoryBean : Initialized JPA EntityManagerFactory for persistence unit 'default'
2022-08-11 16:35:46.696  WARN 16720 --- [restartedMain] JpaBaseConfiguration$JpaWebConfiguration : spring.jpa.open-in-view is enabled by default. Therefore, database queries may be performed during view rendering. Explicitly configure spring.jpa.open-in-view to disable this warning
2022-08-11 16:35:46.746  INFO 16720 --- [restartedMain] o.s.b.d.a.OptionalLiveReloadServer       : LiveReload server is running on port 35729
2022-08-11 16:35:46.754  INFO 16720 --- [restartedMain] o.s.b.w.embedded.tomcat.TomcatWebServer  : Tomcat started on port(s): 8080 (http) with context path ''
2022-08-11 16:35:46.757  INFO 16720 --- [restartedMain] c.r.e.Project02EcomAppApplication        : Started Project02EcomAppApplication in 1.839 seconds (JVM running for 6652.521)
2022-08-11 16:35:46.758  INFO 16720 --- [restartedMain] .ConditionEvaluationDeltaLoggingListener : Condition evaluation unchanged
2022-08-11 16:35:49.108  INFO 16720 --- [http-nio-8080-exec-2] o.a.c.c.C.[Tomcat].[localhost].[/]       : Initializing Spring DispatcherServlet 'dispatcherServlet'
2022-08-11 16:35:49.108  INFO 16720 --- [http-nio-8080-exec-2] o.s.web.servlet.DispatcherServlet        : Initializing Servlet 'dispatcherServlet'
2022-08-11 16:35:49.109  INFO 16720 --- [http-nio-8080-exec-2] o.s.web.servlet.DispatcherServlet        : Completed initialization in 1 ms
2022-08-11 16:37:41.697  INFO 16720 --- [Thread-99] j.LocalContainerEntityManagerFactoryBean : Closing JPA EntityManagerFactory for persistence unit 'default'
2022-08-11 16:37:41.697  INFO 16720 --- [Thread-99] com.zaxxer.hikari.HikariDataSource       : HikariPool-25 - Shutdown initiated...
2022-08-11 16:37:41.699  INFO 16720 --- [Thread-99] com.zaxxer.hikari.HikariDataSource       : HikariPool-25 - Shutdown completed.
2022-08-11 16:37:41.771  INFO 16720 --- [restartedMain] c.r.e.Project02EcomAppApplication        : Starting Project02EcomAppApplication using Java 17.0.2 on LAPTOP-BBE4LK4D with PID 16720 (C:\trg_demos\061322\Java_Prjs\Ecommerce-App-JAMBA\target\classes started by micha in C:\trg_demos\061322\Java_Prjs\Ecommerce-App-JAMBA)
2022-08-11 16:37:41.771  INFO 16720 --- [restartedMain] c.r.e.Project02EcomAppApplication        : No active profile set, falling back to 1 default profile: "default"
2022-08-11 16:37:41.886  INFO 16720 --- [restartedMain] .s.d.r.c.RepositoryConfigurationDelegate : Bootstrapping Spring Data JPA repositories in DEFAULT mode.
2022-08-11 16:37:41.897  INFO 16720 --- [restartedMain] .s.d.r.c.RepositoryConfigurationDelegate : Finished Spring Data repository scanning in 10 ms. Found 4 JPA repository interfaces.
2022-08-11 16:37:41.955  INFO 16720 --- [restartedMain] o.s.b.w.embedded.tomcat.TomcatWebServer  : Tomcat initialized with port(s): 8080 (http)
2022-08-11 16:37:41.956  INFO 16720 --- [restartedMain] o.apache.catalina.core.StandardService   : Starting service [Tomcat]
2022-08-11 16:37:41.956  INFO 16720 --- [restartedMain] org.apache.catalina.core.StandardEngine  : Starting Servlet engine: [Apache Tomcat/9.0.65]
2022-08-11 16:37:42.006  INFO 16720 --- [restartedMain] org.apache.jasper.servlet.TldScanner     : At least one JAR was scanned for TLDs yet contained no TLDs. Enable debug logging for this logger for a complete list of JARs that were scanned but no TLDs were found in them. Skipping unneeded JARs during scanning can improve startup time and JSP compilation time.
2022-08-11 16:37:42.007  INFO 16720 --- [restartedMain] o.a.c.c.C.[Tomcat].[localhost].[/]       : Initializing Spring embedded WebApplicationContext
2022-08-11 16:37:42.007  INFO 16720 --- [restartedMain] w.s.c.ServletWebServerApplicationContext : Root WebApplicationContext: initialization completed in 235 ms
2022-08-11 16:37:42.026  INFO 16720 --- [restartedMain] o.hibernate.jpa.internal.util.LogHelper  : HHH000204: Processing PersistenceUnitInfo [name: default]
2022-08-11 16:37:42.030  INFO 16720 --- [restartedMain] com.zaxxer.hikari.HikariDataSource       : HikariPool-26 - Starting...
2022-08-11 16:37:43.015  INFO 16720 --- [restartedMain] com.zaxxer.hikari.HikariDataSource       : HikariPool-26 - Start completed.
2022-08-11 16:37:43.019  INFO 16720 --- [restartedMain] org.hibernate.dialect.Dialect            : HHH000400: Using dialect: org.hibernate.dialect.PostgreSQLDialect
2022-08-11 16:37:43.405  INFO 16720 --- [restartedMain] o.h.e.t.j.p.i.JtaPlatformInitiator       : HHH000490: Using JtaPlatform implementation: [org.hibernate.engine.transaction.jta.platform.internal.NoJtaPlatform]
2022-08-11 16:37:43.405  INFO 16720 --- [restartedMain] j.LocalContainerEntityManagerFactoryBean : Initialized JPA EntityManagerFactory for persistence unit 'default'
2022-08-11 16:37:43.490  WARN 16720 --- [restartedMain] JpaBaseConfiguration$JpaWebConfiguration : spring.jpa.open-in-view is enabled by default. Therefore, database queries may be performed during view rendering. Explicitly configure spring.jpa.open-in-view to disable this warning
2022-08-11 16:37:43.541  INFO 16720 --- [restartedMain] o.s.b.d.a.OptionalLiveReloadServer       : LiveReload server is running on port 35729
2022-08-11 16:37:43.548  INFO 16720 --- [restartedMain] o.s.b.w.embedded.tomcat.TomcatWebServer  : Tomcat started on port(s): 8080 (http) with context path ''
2022-08-11 16:37:43.551  INFO 16720 --- [restartedMain] c.r.e.Project02EcomAppApplication        : Started Project02EcomAppApplication in 1.8 seconds (JVM running for 6769.316)
2022-08-11 16:37:43.553  INFO 16720 --- [restartedMain] .ConditionEvaluationDeltaLoggingListener : Condition evaluation unchanged
2022-08-11 16:37:49.096  INFO 16720 --- [Thread-103] j.LocalContainerEntityManagerFactoryBean : Closing JPA EntityManagerFactory for persistence unit 'default'
2022-08-11 16:37:49.097  INFO 16720 --- [Thread-103] com.zaxxer.hikari.HikariDataSource       : HikariPool-26 - Shutdown initiated...
2022-08-11 16:37:49.457  INFO 16720 --- [Thread-103] com.zaxxer.hikari.HikariDataSource       : HikariPool-26 - Shutdown completed.
2022-08-11 16:37:49.528  INFO 16720 --- [restartedMain] c.r.e.Project02EcomAppApplication        : Starting Project02EcomAppApplication using Java 17.0.2 on LAPTOP-BBE4LK4D with PID 16720 (C:\trg_demos\061322\Java_Prjs\Ecommerce-App-JAMBA\target\classes started by micha in C:\trg_demos\061322\Java_Prjs\Ecommerce-App-JAMBA)
2022-08-11 16:37:49.528  INFO 16720 --- [restartedMain] c.r.e.Project02EcomAppApplication        : No active profile set, falling back to 1 default profile: "default"
2022-08-11 16:37:49.645  INFO 16720 --- [restartedMain] .s.d.r.c.RepositoryConfigurationDelegate : Bootstrapping Spring Data JPA repositories in DEFAULT mode.
2022-08-11 16:37:49.653  INFO 16720 --- [restartedMain] .s.d.r.c.RepositoryConfigurationDelegate : Finished Spring Data repository scanning in 8 ms. Found 4 JPA repository interfaces.
2022-08-11 16:37:49.702  INFO 16720 --- [restartedMain] o.s.b.w.embedded.tomcat.TomcatWebServer  : Tomcat initialized with port(s): 8080 (http)
2022-08-11 16:37:49.703  INFO 16720 --- [restartedMain] o.apache.catalina.core.StandardService   : Starting service [Tomcat]
2022-08-11 16:37:49.703  INFO 16720 --- [restartedMain] org.apache.catalina.core.StandardEngine  : Starting Servlet engine: [Apache Tomcat/9.0.65]
2022-08-11 16:37:49.755  INFO 16720 --- [restartedMain] org.apache.jasper.servlet.TldScanner     : At least one JAR was scanned for TLDs yet contained no TLDs. Enable debug logging for this logger for a complete list of JARs that were scanned but no TLDs were found in them. Skipping unneeded JARs during scanning can improve startup time and JSP compilation time.
2022-08-11 16:37:49.757  INFO 16720 --- [restartedMain] o.a.c.c.C.[Tomcat].[localhost].[/]       : Initializing Spring embedded WebApplicationContext
2022-08-11 16:37:49.757  INFO 16720 --- [restartedMain] w.s.c.ServletWebServerApplicationContext : Root WebApplicationContext: initialization completed in 227 ms
2022-08-11 16:37:49.781  INFO 16720 --- [restartedMain] o.hibernate.jpa.internal.util.LogHelper  : HHH000204: Processing PersistenceUnitInfo [name: default]
2022-08-11 16:37:49.785  INFO 16720 --- [restartedMain] com.zaxxer.hikari.HikariDataSource       : HikariPool-27 - Starting...
2022-08-11 16:37:50.704  INFO 16720 --- [restartedMain] com.zaxxer.hikari.HikariDataSource       : HikariPool-27 - Start completed.
2022-08-11 16:37:50.707  INFO 16720 --- [restartedMain] org.hibernate.dialect.Dialect            : HHH000400: Using dialect: org.hibernate.dialect.PostgreSQLDialect
2022-08-11 16:37:51.405  INFO 16720 --- [restartedMain] o.h.e.t.j.p.i.JtaPlatformInitiator       : HHH000490: Using JtaPlatform implementation: [org.hibernate.engine.transaction.jta.platform.internal.NoJtaPlatform]
2022-08-11 16:37:51.405  INFO 16720 --- [restartedMain] j.LocalContainerEntityManagerFactoryBean : Initialized JPA EntityManagerFactory for persistence unit 'default'
2022-08-11 16:37:51.485  WARN 16720 --- [restartedMain] JpaBaseConfiguration$JpaWebConfiguration : spring.jpa.open-in-view is enabled by default. Therefore, database queries may be performed during view rendering. Explicitly configure spring.jpa.open-in-view to disable this warning
2022-08-11 16:37:51.536  INFO 16720 --- [restartedMain] o.s.b.d.a.OptionalLiveReloadServer       : LiveReload server is running on port 35729
2022-08-11 16:37:51.544  INFO 16720 --- [restartedMain] o.s.b.w.embedded.tomcat.TomcatWebServer  : Tomcat started on port(s): 8080 (http) with context path ''
2022-08-11 16:37:51.548  INFO 16720 --- [restartedMain] c.r.e.Project02EcomAppApplication        : Started Project02EcomAppApplication in 2.038 seconds (JVM running for 6777.313)
2022-08-11 16:37:51.549  INFO 16720 --- [restartedMain] .ConditionEvaluationDeltaLoggingListener : Condition evaluation unchanged
2022-08-11 16:51:00.886  INFO 16720 --- [http-nio-8080-exec-1] o.a.c.c.C.[Tomcat].[localhost].[/]       : Initializing Spring DispatcherServlet 'dispatcherServlet'
2022-08-11 16:51:00.892  INFO 16720 --- [http-nio-8080-exec-1] o.s.web.servlet.DispatcherServlet        : Initializing Servlet 'dispatcherServlet'
2022-08-11 16:51:00.903  INFO 16720 --- [http-nio-8080-exec-1] o.s.web.servlet.DispatcherServlet        : Completed initialization in 1 ms
2022-08-11 16:58:09.881  INFO 16720 --- [RMI TCP Connection(215)-127.0.0.1] inMXBeanRegistrar$SpringApplicationAdmin : Application shutdown requested.
2022-08-11 16:58:09.918  INFO 16720 --- [RMI TCP Connection(215)-127.0.0.1] j.LocalContainerEntityManagerFactoryBean : Closing JPA EntityManagerFactory for persistence unit 'default'
2022-08-11 16:58:09.918  INFO 16720 --- [RMI TCP Connection(215)-127.0.0.1] com.zaxxer.hikari.HikariDataSource       : HikariPool-27 - Shutdown initiated...
2022-08-11 16:58:09.920  INFO 16720 --- [RMI TCP Connection(215)-127.0.0.1] com.zaxxer.hikari.HikariDataSource       : HikariPool-27 - Shutdown completed.
